<?xml version="1.0" encoding="UTF-8"?>
<!-- Generated by org.testng.reporters.JUnitXMLReporter -->
<testsuite ignored="0" hostname="BSCS-LP-HP-19" failures="1" tests="3" name="WebTests" time="13.237" errors="0" timestamp="2026-06-12T19:32:58 IST">
  <testcase classname="tests.GoogleTest" name="openGoogle" time="12.432"/>
  <testcase classname="tests.AmazonTest" name="openAmazon" time="12.826"/>
  <testcase classname="tests.FlipkartTest" name="openFlipkart" time="13.169">
    <failure type="java.lang.AssertionError" message="expected [true] but found [false]">
      <![CDATA[java.lang.AssertionError: expected [true] but found [false]
at tests.FlipkartTest.openFlipkart(FlipkartTest.java:27)
at java.base/java.util.concurrent.Executors$RunnableAdapter.call(Executors.java:572)
at java.base/java.util.concurrent.FutureTask.run(FutureTask.java:317)
at java.base/java.util.concurrent.ThreadPoolExecutor.runWorker(ThreadPoolExecutor.java:1144)
at java.base/java.util.concurrent.ThreadPoolExecutor$Worker.run(ThreadPoolExecutor.java:642)
at java.base/java.lang.Thread.run(Thread.java:1583)
... Removed 15 stack frames]]>
    </failure>
  </testcase> <!-- openFlipkart -->
</testsuite> <!-- WebTests -->
