<?xml version="1.0" encoding="UTF-8"?>
<testng-results ignored="0" total="3" passed="2" failed="1" skipped="0">
  <reporter-output>
  </reporter-output>
  <suite started-at="2026-06-12T19:32:44 IST" name="ParallelSuite" finished-at="2026-06-12T19:32:58 IST" duration-ms="13237">
    <groups>
    </groups>
    <test started-at="2026-06-12T19:32:44 IST" name="WebTests" finished-at="2026-06-12T19:32:58 IST" duration-ms="13237">
      <class name="tests.AmazonTest">
        <test-method signature="openAmazon()[pri:0, instance:tests.AmazonTest@6892b3b6]" started-at="2026-06-12T19:32:44 IST" name="openAmazon" finished-at="2026-06-12T19:32:57 IST" duration-ms="12826" status="PASS">
          <reporter-output>
          </reporter-output>
        </test-method> <!-- openAmazon -->
      </class> <!-- tests.AmazonTest -->
      <class name="tests.GoogleTest">
        <test-method signature="openGoogle()[pri:0, instance:tests.GoogleTest@2af004b]" started-at="2026-06-12T19:32:44 IST" name="openGoogle" finished-at="2026-06-12T19:32:57 IST" duration-ms="12432" status="PASS">
          <reporter-output>
          </reporter-output>
        </test-method> <!-- openGoogle -->
      </class> <!-- tests.GoogleTest -->
      <class name="tests.FlipkartTest">
        <test-method signature="openFlipkart()[pri:0, instance:tests.FlipkartTest@248e319b]" started-at="2026-06-12T19:32:44 IST" name="openFlipkart" finished-at="2026-06-12T19:32:58 IST" duration-ms="13169" status="FAIL">
          <exception class="java.lang.AssertionError">
            <message>
              <![CDATA[expected [true] but found [false]]]>
            </message>
            <full-stacktrace>
              <![CDATA[java.lang.AssertionError: expected [true] but found [false]
at org.testng.Assert.fail(Assert.java:111)
at org.testng.Assert.failNotEquals(Assert.java:1590)
at org.testng.Assert.assertTrue(Assert.java:57)
at org.testng.Assert.assertTrue(Assert.java:67)
at tests.FlipkartTest.openFlipkart(FlipkartTest.java:27)
at java.base/jdk.internal.reflect.DirectMethodHandleAccessor.invoke(DirectMethodHandleAccessor.java:103)
at java.base/java.lang.reflect.Method.invoke(Method.java:580)
at org.testng.internal.invokers.MethodInvocationHelper.invokeMethod(MethodInvocationHelper.java:141)
at org.testng.internal.invokers.TestInvoker.invokeMethod(TestInvoker.java:687)
at org.testng.internal.invokers.TestInvoker.invokeTestMethod(TestInvoker.java:230)
at org.testng.internal.invokers.MethodRunner.runInSequence(MethodRunner.java:63)
at org.testng.internal.invokers.TestInvoker$MethodInvocationAgent.invoke(TestInvoker.java:995)
at org.testng.internal.invokers.TestInvoker.invokeTestMethods(TestInvoker.java:203)
at org.testng.internal.invokers.TestMethodWorker.invokeTestMethods(TestMethodWorker.java:154)
at org.testng.internal.invokers.TestMethodWorker.run(TestMethodWorker.java:134)
at java.base/java.util.concurrent.Executors$RunnableAdapter.call(Executors.java:572)
at java.base/java.util.concurrent.FutureTask.run(FutureTask.java:317)
at org.testng.internal.thread.graph.TestNGFutureTask.run(TestNGFutureTask.java:22)
at java.base/java.util.concurrent.ThreadPoolExecutor.runWorker(ThreadPoolExecutor.java:1144)
at java.base/java.util.concurrent.ThreadPoolExecutor$Worker.run(ThreadPoolExecutor.java:642)
at java.base/java.lang.Thread.run(Thread.java:1583)
]]>
            </full-stacktrace>
          </exception> <!-- java.lang.AssertionError -->
          <reporter-output>
          </reporter-output>
        </test-method> <!-- openFlipkart -->
      </class> <!-- tests.FlipkartTest -->
    </test> <!-- WebTests -->
  </suite> <!-- ParallelSuite -->
</testng-results>
